<?xml version="1.0" encoding="UTF-8"?>
<!-- Generated by org.testng.reporters.JUnitReportReporter -->
<testsuite hostname="DESKTOP-L9U95KP" failures="0" tests="1" name="TestCase.createDatePicker" time="18.592" errors="0" timestamp="2025-07-17T22:38:07 IST" skipped="0">
  <testcase classname="TestCase.createDatePicker" name="createDatePicker" time="18.592"/>
  <system-out>
    <![CDATA[DB Connectivity open]]>
  </system-out>
</testsuite> <!-- TestCase.createDatePicker -->
