<?xml version="1.0" encoding="UTF-8"?>
<!-- Generated by org.testng.reporters.JUnitReportReporter -->
<testsuite hostname="DESKTOP-L9U95KP" failures="0" tests="1" name="TestCase.createCampignStatus" time="10.369" errors="0" timestamp="2025-07-22T19:15:59 IST" skipped="0">
  <testcase classname="TestCase.createCampignStatus" name="createcampaign" time="10.369"/>
  <system-out>
    <![CDATA[DB Connectivity open]]>
  </system-out>
</testsuite> <!-- TestCase.createCampignStatus -->
