<?xml version="1.0" encoding="UTF-8"?>
<!-- Generated by org.testng.reporters.JUnitReportReporter -->
<testsuite hostname="DESKTOP-L9U95KP" failures="0" tests="1" name="TestCase.createDatePickerTest" time="12.676" errors="0" timestamp="2025-07-25T08:25:05 IST" skipped="0">
  <testcase classname="TestCase.createDatePickerTest" name="createDatePicker" time="12.676"/>
  <system-out>
    <![CDATA[report configuration
DB Connectivity open]]>
  </system-out>
</testsuite> <!-- TestCase.createDatePickerTest -->
