<?xml version="1.0" encoding="UTF-8"?>
<!-- Generated by org.testng.reporters.JUnitReportReporter -->
<testsuite hostname="DESKTOP-L9U95KP" failures="0" tests="1" name="TestCase.createCampignStatusTest" time="10.986" errors="0" timestamp="2025-07-25T07:56:54 IST" skipped="0">
  <testcase classname="TestCase.createCampignStatusTest" name="createcampaign" time="10.986"/>
  <system-out>
    <![CDATA[report configuration
DB Connectivity open]]>
  </system-out>
</testsuite> <!-- TestCase.createCampignStatusTest -->
