<?xml version="1.0" encoding="UTF-8"?>
<!-- Generated by org.testng.reporters.JUnitReportReporter -->
<testsuite hostname="DESKTOP-L9U95KP" failures="0" tests="1" name="TestCase.createCampaignTest" time="8.587" errors="0" timestamp="2025-07-25T08:20:09 IST" skipped="0">
  <testcase classname="TestCase.createCampaignTest" name="createcampaign" time="8.587"/>
  <system-out>
    <![CDATA[report configuration
DB Connectivity open]]>
  </system-out>
</testsuite> <!-- TestCase.createCampaignTest -->
